{"C:\\Users\\Ssemugabi Martin\\OneDrive\\Desktop\\Maintenance Tracker\\Maintenance-Tracker\\src\\backend\\index.js": {"path":"C:\\Users\\Ssemugabi Martin\\OneDrive\\Desktop\\Maintenance Tracker\\Maintenance-Tracker\\src\\backend\\index.js","statementMap":{"0":{"start":{"line":8,"column":0},"end":{"line":10,"column":2}},"1":{"start":{"line":9,"column":2},"end":{"line":9,"column":38}},"2":{"start":{"line":12,"column":12},"end":{"line":12,"column":21}},"3":{"start":{"line":14,"column":0},"end":{"line":14,"column":26}},"4":{"start":{"line":16,"column":0},"end":{"line":16,"column":47}},"5":{"start":{"line":17,"column":0},"end":{"line":19,"column":3}},"6":{"start":{"line":18,"column":2},"end":{"line":18,"column":23}},"7":{"start":{"line":21,"column":0},"end":{"line":21,"column":18}},"8":{"start":{"line":23,"column":13},"end":{"line":23,"column":29}},"9":{"start":{"line":25,"column":0},"end":{"line":25,"column":63}}},"fnMap":{"0":{"name":"(anonymous_0)","decl":{"start":{"line":8,"column":41},"end":{"line":8,"column":42}},"loc":{"start":{"line":8,"column":45},"end":{"line":10,"column":1}},"line":8},"1":{"name":"(anonymous_1)","decl":{"start":{"line":17,"column":13},"end":{"line":17,"column":14}},"loc":{"start":{"line":17,"column":25},"end":{"line":19,"column":1}},"line":17}},"branchMap":{},"s":{"0":1,"1":1,"2":1,"3":1,"4":1,"5":1,"6":0,"7":1,"8":1,"9":1},"f":{"0":1,"1":0},"b":{},"_coverageSchema":"1a1c01bbd47fc00a2c39e90264f33305004495a9","hash":"a20afa59db8b6d049f1ca4c83c66b8755ee3ee7c"}
,"C:\\Users\\Ssemugabi Martin\\OneDrive\\Desktop\\Maintenance Tracker\\Maintenance-Tracker\\src\\backend\\controllers\\userRequest.js": {"path":"C:\\Users\\Ssemugabi Martin\\OneDrive\\Desktop\\Maintenance Tracker\\Maintenance-Tracker\\src\\backend\\controllers\\userRequest.js","statementMap":{"0":{"start":{"line":6,"column":4},"end":{"line":18,"column":5}},"1":{"start":{"line":7,"column":23},"end":{"line":7,"column":43}},"2":{"start":{"line":9,"column":6},"end":{"line":12,"column":8}},"3":{"start":{"line":15,"column":6},"end":{"line":17,"column":8}},"4":{"start":{"line":22,"column":4},"end":{"line":36,"column":5}},"5":{"start":{"line":23,"column":21},"end":{"line":23,"column":31}},"6":{"start":{"line":25,"column":22},"end":{"line":25,"column":48}},"7":{"start":{"line":27,"column":6},"end":{"line":30,"column":8}},"8":{"start":{"line":33,"column":6},"end":{"line":35,"column":8}},"9":{"start":{"line":40,"column":4},"end":{"line":55,"column":5}},"10":{"start":{"line":41,"column":37},"end":{"line":41,"column":45}},"11":{"start":{"line":43,"column":21},"end":{"line":47,"column":8}},"12":{"start":{"line":49,"column":6},"end":{"line":49,"column":41}},"13":{"start":{"line":52,"column":6},"end":{"line":54,"column":8}},"14":{"start":{"line":59,"column":4},"end":{"line":81,"column":5}},"15":{"start":{"line":60,"column":21},"end":{"line":60,"column":31}},"16":{"start":{"line":61,"column":37},"end":{"line":61,"column":45}},"17":{"start":{"line":63,"column":24},"end":{"line":72,"column":9}},"18":{"start":{"line":73,"column":8},"end":{"line":75,"column":10}},"19":{"start":{"line":78,"column":6},"end":{"line":80,"column":8}}},"fnMap":{"0":{"name":"(anonymous_0)","decl":{"start":{"line":5,"column":2},"end":{"line":5,"column":3}},"loc":{"start":{"line":5,"column":39},"end":{"line":19,"column":3}},"line":5},"1":{"name":"(anonymous_1)","decl":{"start":{"line":21,"column":2},"end":{"line":21,"column":3}},"loc":{"start":{"line":21,"column":37},"end":{"line":37,"column":3}},"line":21},"2":{"name":"(anonymous_2)","decl":{"start":{"line":39,"column":2},"end":{"line":39,"column":3}},"loc":{"start":{"line":39,"column":39},"end":{"line":56,"column":3}},"line":39},"3":{"name":"(anonymous_3)","decl":{"start":{"line":58,"column":2},"end":{"line":58,"column":3}},"loc":{"start":{"line":58,"column":39},"end":{"line":82,"column":3}},"line":58}},"branchMap":{},"s":{"0":1,"1":1,"2":1,"3":0,"4":2,"5":2,"6":2,"7":1,"8":1,"9":4,"10":4,"11":4,"12":4,"13":0,"14":2,"15":2,"16":2,"17":2,"18":1,"19":1},"f":{"0":1,"1":2,"2":4,"3":2},"b":{},"_coverageSchema":"1a1c01bbd47fc00a2c39e90264f33305004495a9","hash":"a0a77561a779c5a36d8ad1d54e713a0e7661ee3d"}
,"C:\\Users\\Ssemugabi Martin\\OneDrive\\Desktop\\Maintenance Tracker\\Maintenance-Tracker\\src\\backend\\model\\request.js": {"path":"C:\\Users\\Ssemugabi Martin\\OneDrive\\Desktop\\Maintenance Tracker\\Maintenance-Tracker\\src\\backend\\model\\request.js","statementMap":{"0":{"start":{"line":3,"column":22},"end":{"line":12,"column":2}}},"fnMap":{},"branchMap":{},"s":{"0":1},"f":{},"b":{},"_coverageSchema":"1a1c01bbd47fc00a2c39e90264f33305004495a9","hash":"f0bd08193af9f0ecf3d33b462edb72260f5de73f"}
,"C:\\Users\\Ssemugabi Martin\\OneDrive\\Desktop\\Maintenance Tracker\\Maintenance-Tracker\\src\\backend\\routes\\userRequest.js": {"path":"C:\\Users\\Ssemugabi Martin\\OneDrive\\Desktop\\Maintenance Tracker\\Maintenance-Tracker\\src\\backend\\routes\\userRequest.js","statementMap":{"0":{"start":{"line":4,"column":15},"end":{"line":4,"column":31}},"1":{"start":{"line":6,"column":0},"end":{"line":6,"column":40}},"2":{"start":{"line":7,"column":0},"end":{"line":7,"column":42}},"3":{"start":{"line":8,"column":0},"end":{"line":8,"column":43}},"4":{"start":{"line":9,"column":0},"end":{"line":9,"column":45}}},"fnMap":{},"branchMap":{},"s":{"0":1,"1":1,"2":1,"3":1,"4":1},"f":{},"b":{},"_coverageSchema":"1a1c01bbd47fc00a2c39e90264f33305004495a9","hash":"5b3c1428b055bb907c6b2728e0706b648c48f5c5"}
}
