TN:
SF:src\backend\index.js
FN:8,(anonymous_0)
FN:17,(anonymous_1)
FNF:2
FNH:1
FNDA:1,(anonymous_0)
FNDA:0,(anonymous_1)
DA:8,1
DA:9,1
DA:12,1
DA:14,1
DA:16,1
DA:17,1
DA:18,0
DA:21,1
DA:23,1
DA:25,1
LF:10
LH:9
BRF:0
BRH:0
end_of_record
TN:
SF:src\backend\controllers\userRequest.js
FN:5,(anonymous_0)
FN:21,(anonymous_1)
FN:39,(anonymous_2)
FN:58,(anonymous_3)
FNF:4
FNH:4
FNDA:1,(anonymous_0)
FNDA:2,(anonymous_1)
FNDA:4,(anonymous_2)
FNDA:2,(anonymous_3)
DA:6,1
DA:7,1
DA:9,1
DA:15,0
DA:22,2
DA:23,2
DA:25,2
DA:27,1
DA:33,1
DA:40,4
DA:41,4
DA:43,4
DA:49,4
DA:52,0
DA:59,2
DA:60,2
DA:61,2
DA:63,2
DA:73,1
DA:78,1
LF:20
LH:18
BRF:0
BRH:0
end_of_record
TN:
SF:src\backend\model\request.js
FNF:0
FNH:0
DA:3,1
LF:1
LH:1
BRF:0
BRH:0
end_of_record
TN:
SF:src\backend\routes\userRequest.js
FNF:0
FNH:0
DA:4,1
DA:6,1
DA:7,1
DA:8,1
DA:9,1
LF:5
LH:5
BRF:0
BRH:0
end_of_record
